<?xml version="1.0" encoding="UTF-8"?>
<testng-results skipped="0" failed="0" ignored="0" total="1" passed="1">
  <reporter-output>
  </reporter-output>
  <suite name="Suite" duration-ms="15830" started-at="2018-12-07T08:20:24Z" finished-at="2018-12-07T08:20:39Z">
    <groups>
    </groups>
    <test name="Test" duration-ms="15830" started-at="2018-12-07T08:20:24Z" finished-at="2018-12-07T08:20:39Z">
      <class name="Scripts.sampletest">
        <test-method status="PASS" signature="report()[pri:0, instance:Scripts.sampletest@1060b431]" name="report" is-config="true" duration-ms="203" started-at="2018-12-07T12:20:24Z" finished-at="2018-12-07T12:20:24Z">
          <reporter-output>
          </reporter-output>
        </test-method> <!-- report -->
        <test-method status="PASS" signature="beforeClass()[pri:0, instance:Scripts.sampletest@1060b431]" name="beforeClass" is-config="true" duration-ms="2550" started-at="2018-12-07T12:20:24Z" finished-at="2018-12-07T12:20:26Z">
          <reporter-output>
          </reporter-output>
        </test-method> <!-- beforeClass -->
        <test-method status="PASS" signature="methodName(java.lang.reflect.Method)[pri:0, instance:Scripts.sampletest@1060b431]" name="methodName" is-config="true" duration-ms="0" started-at="2018-12-07T12:20:26Z" finished-at="2018-12-07T12:20:26Z">
          <params>
            <param index="0">
              <value>
                <![CDATA[public void Scripts.sampletest.Basicflow() throws java.lang.Exception]]>
              </value>
            </param>
          </params>
          <reporter-output>
          </reporter-output>
        </test-method> <!-- methodName -->
        <test-method status="PASS" signature="Basicflow()[pri:0, instance:Scripts.sampletest@1060b431]" name="Basicflow" duration-ms="11942" started-at="2018-12-07T12:20:26Z" finished-at="2018-12-07T12:20:38Z">
          <reporter-output>
          </reporter-output>
        </test-method> <!-- Basicflow -->
        <test-method status="PASS" signature="afterClass()[pri:0, instance:Scripts.sampletest@1060b431]" name="afterClass" is-config="true" duration-ms="1130" started-at="2018-12-07T12:20:38Z" finished-at="2018-12-07T12:20:39Z">
          <reporter-output>
          </reporter-output>
        </test-method> <!-- afterClass -->
      </class> <!-- Scripts.sampletest -->
    </test> <!-- Test -->
  </suite> <!-- Suite -->
</testng-results>
